<?xml version="1.0" encoding="UTF-8"?>
<!-- Generated by org.testng.reporters.JUnitXMLReporter -->
<testsuite ignored="0" hostname="LAPTOP-H1J1UPBI" failures="0" tests="3" name="Facebook" time="18.738" errors="0" timestamp="2022-07-17T19:40:48 IST">
  <testcase classname="pkg09_TestNG.P03_Facebook_NewAccount" name="process" time="2.037"/>
  <testcase classname="pkg09_TestNG.P03_Facebook_LoginPage" name="process" time="0.258"/>
  <testcase classname="pkg09_TestNG.P03_Facebook_ForgotPassword" name="process" time="1.95"/>
</testsuite> <!-- Facebook -->
